<?xml version="1.0" encoding="UTF-8"?>
<!-- Generated by org.testng.reporters.JUnitReportReporter -->
<testsuite hostname="DESKTOP-G8IJI3M" failures="0" tests="2" name="TestCases" time="24.697" errors="0" timestamp="2023-06-11T14:42:25 EEST" skipped="0">
  <testcase classname="TestCases" name="testOne" time="19.153"/>
  <testcase classname="TestCases" name="testTwo" time="5.544"/>
</testsuite> <!-- TestCases -->
